Start testing: Dec 01 03:36 ?D1迆㊣那℅?那㊣??
----------------------------------------------------------
1/3 Testing: test-sfml-system
1/3 Test: test-sfml-system
Command: "C:/Users/Administrator/Desktop/MIDIVisualizer-master/SFML-master/SFML-master/build2/test/Debug/test-sfml-system.exe"
Directory: C:/Users/Administrator/Desktop/MIDIVisualizer-master/SFML-master/SFML-master/build2/test
"test-sfml-system" start time: Dec 01 03:36 ?D1迆㊣那℅?那㊣??
Output:
----------------------------------------------------------
===============================================================================
All tests passed (73 assertions in 2 test cases)

<end of output>
Test time =   0.17 sec
----------------------------------------------------------
Test Passed.
"test-sfml-system" end time: Dec 01 03:36 ?D1迆㊣那℅?那㊣??
"test-sfml-system" time elapsed: 00:00:00
----------------------------------------------------------

2/3 Testing: test-sfml-window
2/3 Test: test-sfml-window
Command: "C:/Users/Administrator/Desktop/MIDIVisualizer-master/SFML-master/SFML-master/build2/test/Debug/test-sfml-window.exe"
Directory: C:/Users/Administrator/Desktop/MIDIVisualizer-master/SFML-master/SFML-master/build2/test
"test-sfml-window" start time: Dec 01 03:36 ?D1迆㊣那℅?那㊣??
Output:
----------------------------------------------------------
===============================================================================
No tests ran

<end of output>
Test time =   0.14 sec
----------------------------------------------------------
Test Passed.
"test-sfml-window" end time: Dec 01 03:36 ?D1迆㊣那℅?那㊣??
"test-sfml-window" time elapsed: 00:00:00
----------------------------------------------------------

3/3 Testing: test-sfml-graphics
3/3 Test: test-sfml-graphics
Command: "C:/Users/Administrator/Desktop/MIDIVisualizer-master/SFML-master/SFML-master/build2/test/Debug/test-sfml-graphics.exe"
Directory: C:/Users/Administrator/Desktop/MIDIVisualizer-master/SFML-master/SFML-master/build2/test
"test-sfml-graphics" start time: Dec 01 03:36 ?D1迆㊣那℅?那㊣??
Output:
----------------------------------------------------------
===============================================================================
All tests passed (42 assertions in 1 test case)

<end of output>
Test time =   0.14 sec
----------------------------------------------------------
Test Passed.
"test-sfml-graphics" end time: Dec 01 03:36 ?D1迆㊣那℅?那㊣??
"test-sfml-graphics" time elapsed: 00:00:00
----------------------------------------------------------

End testing: Dec 01 03:36 ?D1迆㊣那℅?那㊣??
